<?xml version="1.0" encoding="UTF-8"?>
<testsuite xmlns:xsi="http://www.w3.org/2001/XMLSchema-instance" xsi:noNamespaceSchemaLocation="https://maven.apache.org/surefire/maven-surefire-plugin/xsd/surefire-test-report.xsd" name="com.ppf.frame.FrameApplicationTests" time="7.008" tests="1" errors="0" skipped="0" failures="0">
  <properties>
    <property name="sun.desktop" value="windows"/>
    <property name="awt.toolkit" value="sun.awt.windows.WToolkit"/>
    <property name="file.encoding.pkg" value="sun.io"/>
    <property name="java.specification.version" value="1.8"/>
    <property name="sun.cpu.isalist" value="amd64"/>
    <property name="sun.jnu.encoding" value="GBK"/>
    <property name="java.class.path" value="D:\diary系统\dairy\frame\target\test-classes;D:\diary系统\dairy\frame\target\classes;D:\maven\mavenRepository\.m2\org\springframework\boot\spring-boot-starter-web\2.4.3\spring-boot-starter-web-2.4.3.jar;D:\maven\mavenRepository\.m2\org\springframework\boot\spring-boot-starter\2.4.3\spring-boot-starter-2.4.3.jar;D:\maven\mavenRepository\.m2\org\springframework\boot\spring-boot\2.4.3\spring-boot-2.4.3.jar;D:\maven\mavenRepository\.m2\org\springframework\boot\spring-boot-autoconfigure\2.4.3\spring-boot-autoconfigure-2.4.3.jar;D:\maven\mavenRepository\.m2\org\springframework\boot\spring-boot-starter-logging\2.4.3\spring-boot-starter-logging-2.4.3.jar;D:\maven\mavenRepository\.m2\ch\qos\logback\logback-classic\1.2.3\logback-classic-1.2.3.jar;D:\maven\mavenRepository\.m2\ch\qos\logback\logback-core\1.2.3\logback-core-1.2.3.jar;D:\maven\mavenRepository\.m2\org\apache\logging\log4j\log4j-to-slf4j\2.13.3\log4j-to-slf4j-2.13.3.jar;D:\maven\mavenRepository\.m2\org\apache\logging\log4j\log4j-api\2.13.3\log4j-api-2.13.3.jar;D:\maven\mavenRepository\.m2\org\slf4j\jul-to-slf4j\1.7.30\jul-to-slf4j-1.7.30.jar;D:\maven\mavenRepository\.m2\jakarta\annotation\jakarta.annotation-api\1.3.5\jakarta.annotation-api-1.3.5.jar;D:\maven\mavenRepository\.m2\org\yaml\snakeyaml\1.27\snakeyaml-1.27.jar;D:\maven\mavenRepository\.m2\org\springframework\boot\spring-boot-starter-json\2.4.3\spring-boot-starter-json-2.4.3.jar;D:\maven\mavenRepository\.m2\com\fasterxml\jackson\core\jackson-databind\2.11.4\jackson-databind-2.11.4.jar;D:\maven\mavenRepository\.m2\com\fasterxml\jackson\core\jackson-annotations\2.11.4\jackson-annotations-2.11.4.jar;D:\maven\mavenRepository\.m2\com\fasterxml\jackson\core\jackson-core\2.11.4\jackson-core-2.11.4.jar;D:\maven\mavenRepository\.m2\com\fasterxml\jackson\datatype\jackson-datatype-jdk8\2.11.4\jackson-datatype-jdk8-2.11.4.jar;D:\maven\mavenRepository\.m2\com\fasterxml\jackson\datatype\jackson-datatype-jsr310\2.11.4\jackson-datatype-jsr310-2.11.4.jar;D:\maven\mavenRepository\.m2\com\fasterxml\jackson\module\jackson-module-parameter-names\2.11.4\jackson-module-parameter-names-2.11.4.jar;D:\maven\mavenRepository\.m2\org\springframework\boot\spring-boot-starter-tomcat\2.4.3\spring-boot-starter-tomcat-2.4.3.jar;D:\maven\mavenRepository\.m2\org\apache\tomcat\embed\tomcat-embed-core\9.0.43\tomcat-embed-core-9.0.43.jar;D:\maven\mavenRepository\.m2\org\apache\tomcat\embed\tomcat-embed-websocket\9.0.43\tomcat-embed-websocket-9.0.43.jar;D:\maven\mavenRepository\.m2\org\springframework\spring-web\5.3.4\spring-web-5.3.4.jar;D:\maven\mavenRepository\.m2\org\springframework\spring-beans\5.3.4\spring-beans-5.3.4.jar;D:\maven\mavenRepository\.m2\org\springframework\spring-webmvc\5.3.4\spring-webmvc-5.3.4.jar;D:\maven\mavenRepository\.m2\org\springframework\spring-aop\5.3.4\spring-aop-5.3.4.jar;D:\maven\mavenRepository\.m2\org\springframework\spring-context\5.3.4\spring-context-5.3.4.jar;D:\maven\mavenRepository\.m2\org\springframework\spring-expression\5.3.4\spring-expression-5.3.4.jar;D:\maven\mavenRepository\.m2\org\springframework\boot\spring-boot-starter-test\2.4.3\spring-boot-starter-test-2.4.3.jar;D:\maven\mavenRepository\.m2\org\springframework\boot\spring-boot-test\2.4.3\spring-boot-test-2.4.3.jar;D:\maven\mavenRepository\.m2\org\springframework\boot\spring-boot-test-autoconfigure\2.4.3\spring-boot-test-autoconfigure-2.4.3.jar;D:\maven\mavenRepository\.m2\com\jayway\jsonpath\json-path\2.4.0\json-path-2.4.0.jar;D:\maven\mavenRepository\.m2\net\minidev\json-smart\2.3\json-smart-2.3.jar;D:\maven\mavenRepository\.m2\net\minidev\accessors-smart\1.2\accessors-smart-1.2.jar;D:\maven\mavenRepository\.m2\org\ow2\asm\asm\5.0.4\asm-5.0.4.jar;D:\maven\mavenRepository\.m2\org\slf4j\slf4j-api\1.7.30\slf4j-api-1.7.30.jar;D:\maven\mavenRepository\.m2\jakarta\xml\bind\jakarta.xml.bind-api\2.3.3\jakarta.xml.bind-api-2.3.3.jar;D:\maven\mavenRepository\.m2\jakarta\activation\jakarta.activation-api\1.2.2\jakarta.activation-api-1.2.2.jar;D:\maven\mavenRepository\.m2\org\assertj\assertj-core\3.18.1\assertj-core-3.18.1.jar;D:\maven\mavenRepository\.m2\org\hamcrest\hamcrest\2.2\hamcrest-2.2.jar;D:\maven\mavenRepository\.m2\org\junit\jupiter\junit-jupiter\5.7.1\junit-jupiter-5.7.1.jar;D:\maven\mavenRepository\.m2\org\junit\jupiter\junit-jupiter-api\5.7.1\junit-jupiter-api-5.7.1.jar;D:\maven\mavenRepository\.m2\org\apiguardian\apiguardian-api\1.1.0\apiguardian-api-1.1.0.jar;D:\maven\mavenRepository\.m2\org\opentest4j\opentest4j\1.2.0\opentest4j-1.2.0.jar;D:\maven\mavenRepository\.m2\org\junit\platform\junit-platform-commons\1.7.1\junit-platform-commons-1.7.1.jar;D:\maven\mavenRepository\.m2\org\junit\jupiter\junit-jupiter-params\5.7.1\junit-jupiter-params-5.7.1.jar;D:\maven\mavenRepository\.m2\org\junit\jupiter\junit-jupiter-engine\5.7.1\junit-jupiter-engine-5.7.1.jar;D:\maven\mavenRepository\.m2\org\junit\platform\junit-platform-engine\1.7.1\junit-platform-engine-1.7.1.jar;D:\maven\mavenRepository\.m2\org\mockito\mockito-core\3.6.28\mockito-core-3.6.28.jar;D:\maven\mavenRepository\.m2\net\bytebuddy\byte-buddy\1.10.20\byte-buddy-1.10.20.jar;D:\maven\mavenRepository\.m2\net\bytebuddy\byte-buddy-agent\1.10.20\byte-buddy-agent-1.10.20.jar;D:\maven\mavenRepository\.m2\org\objenesis\objenesis\3.1\objenesis-3.1.jar;D:\maven\mavenRepository\.m2\org\mockito\mockito-junit-jupiter\3.6.28\mockito-junit-jupiter-3.6.28.jar;D:\maven\mavenRepository\.m2\org\skyscreamer\jsonassert\1.5.0\jsonassert-1.5.0.jar;D:\maven\mavenRepository\.m2\com\vaadin\external\google\android-json\0.0.20131108.vaadin1\android-json-0.0.20131108.vaadin1.jar;D:\maven\mavenRepository\.m2\org\springframework\spring-core\5.3.4\spring-core-5.3.4.jar;D:\maven\mavenRepository\.m2\org\springframework\spring-jcl\5.3.4\spring-jcl-5.3.4.jar;D:\maven\mavenRepository\.m2\org\springframework\spring-test\5.3.4\spring-test-5.3.4.jar;D:\maven\mavenRepository\.m2\org\xmlunit\xmlunit-core\2.7.0\xmlunit-core-2.7.0.jar;D:\maven\mavenRepository\.m2\org\apache\shiro\shiro-spring\1.6.0\shiro-spring-1.6.0.jar;D:\maven\mavenRepository\.m2\org\apache\shiro\shiro-core\1.6.0\shiro-core-1.6.0.jar;D:\maven\mavenRepository\.m2\org\apache\shiro\shiro-lang\1.6.0\shiro-lang-1.6.0.jar;D:\maven\mavenRepository\.m2\org\apache\shiro\shiro-cache\1.6.0\shiro-cache-1.6.0.jar;D:\maven\mavenRepository\.m2\org\apache\shiro\shiro-crypto-hash\1.6.0\shiro-crypto-hash-1.6.0.jar;D:\maven\mavenRepository\.m2\org\apache\shiro\shiro-crypto-core\1.6.0\shiro-crypto-core-1.6.0.jar;D:\maven\mavenRepository\.m2\org\apache\shiro\shiro-crypto-cipher\1.6.0\shiro-crypto-cipher-1.6.0.jar;D:\maven\mavenRepository\.m2\org\apache\shiro\shiro-config-core\1.6.0\shiro-config-core-1.6.0.jar;D:\maven\mavenRepository\.m2\org\apache\shiro\shiro-config-ogdl\1.6.0\shiro-config-ogdl-1.6.0.jar;D:\maven\mavenRepository\.m2\commons-beanutils\commons-beanutils\1.9.4\commons-beanutils-1.9.4.jar;D:\maven\mavenRepository\.m2\commons-collections\commons-collections\3.2.2\commons-collections-3.2.2.jar;D:\maven\mavenRepository\.m2\org\apache\shiro\shiro-event\1.6.0\shiro-event-1.6.0.jar;D:\maven\mavenRepository\.m2\org\apache\shiro\shiro-web\1.6.0\shiro-web-1.6.0.jar;D:\maven\mavenRepository\.m2\org\owasp\encoder\encoder\1.2.2\encoder-1.2.2.jar;D:\maven\mavenRepository\.m2\org\mybatis\spring\boot\mybatis-spring-boot-starter\2.0.1\mybatis-spring-boot-starter-2.0.1.jar;D:\maven\mavenRepository\.m2\org\mybatis\spring\boot\mybatis-spring-boot-autoconfigure\2.0.1\mybatis-spring-boot-autoconfigure-2.0.1.jar;D:\maven\mavenRepository\.m2\org\mybatis\mybatis\3.5.1\mybatis-3.5.1.jar;D:\maven\mavenRepository\.m2\org\mybatis\mybatis-spring\2.0.1\mybatis-spring-2.0.1.jar;D:\maven\mavenRepository\.m2\mysql\mysql-connector-java\8.0.23\mysql-connector-java-8.0.23.jar;D:\maven\mavenRepository\.m2\org\springframework\boot\spring-boot-starter-jdbc\2.4.3\spring-boot-starter-jdbc-2.4.3.jar;D:\maven\mavenRepository\.m2\com\zaxxer\HikariCP\3.4.5\HikariCP-3.4.5.jar;D:\maven\mavenRepository\.m2\org\springframework\spring-jdbc\5.3.4\spring-jdbc-5.3.4.jar;D:\maven\mavenRepository\.m2\org\springframework\spring-tx\5.3.4\spring-tx-5.3.4.jar;D:\maven\mavenRepository\.m2\org\springframework\boot\spring-boot-starter-data-jpa\2.4.3\spring-boot-starter-data-jpa-2.4.3.jar;D:\maven\mavenRepository\.m2\org\springframework\boot\spring-boot-starter-aop\2.4.3\spring-boot-starter-aop-2.4.3.jar;D:\maven\mavenRepository\.m2\org\aspectj\aspectjweaver\1.9.6\aspectjweaver-1.9.6.jar;D:\maven\mavenRepository\.m2\jakarta\transaction\jakarta.transaction-api\1.3.3\jakarta.transaction-api-1.3.3.jar;D:\maven\mavenRepository\.m2\jakarta\persistence\jakarta.persistence-api\2.2.3\jakarta.persistence-api-2.2.3.jar;D:\maven\mavenRepository\.m2\org\hibernate\hibernate-core\5.4.28.Final\hibernate-core-5.4.28.Final.jar;D:\maven\mavenRepository\.m2\org\jboss\logging\jboss-logging\3.4.1.Final\jboss-logging-3.4.1.Final.jar;D:\maven\mavenRepository\.m2\org\javassist\javassist\3.27.0-GA\javassist-3.27.0-GA.jar;D:\maven\mavenRepository\.m2\antlr\antlr\2.7.7\antlr-2.7.7.jar;D:\maven\mavenRepository\.m2\org\jboss\jandex\2.2.3.Final\jandex-2.2.3.Final.jar;D:\maven\mavenRepository\.m2\com\fasterxml\classmate\1.5.1\classmate-1.5.1.jar;D:\maven\mavenRepository\.m2\org\dom4j\dom4j\2.1.3\dom4j-2.1.3.jar;D:\maven\mavenRepository\.m2\org\hibernate\common\hibernate-commons-annotations\5.1.2.Final\hibernate-commons-annotations-5.1.2.Final.jar;D:\maven\mavenRepository\.m2\org\glassfish\jaxb\jaxb-runtime\2.3.3\jaxb-runtime-2.3.3.jar;D:\maven\mavenRepository\.m2\org\glassfish\jaxb\txw2\2.3.3\txw2-2.3.3.jar;D:\maven\mavenRepository\.m2\com\sun\istack\istack-commons-runtime\3.0.11\istack-commons-runtime-3.0.11.jar;D:\maven\mavenRepository\.m2\com\sun\activation\jakarta.activation\1.2.2\jakarta.activation-1.2.2.jar;D:\maven\mavenRepository\.m2\org\springframework\data\spring-data-jpa\2.4.5\spring-data-jpa-2.4.5.jar;D:\maven\mavenRepository\.m2\org\springframework\data\spring-data-commons\2.4.5\spring-data-commons-2.4.5.jar;D:\maven\mavenRepository\.m2\org\springframework\spring-orm\5.3.4\spring-orm-5.3.4.jar;D:\maven\mavenRepository\.m2\org\springframework\spring-aspects\5.3.4\spring-aspects-5.3.4.jar;D:\maven\mavenRepository\.m2\com\alibaba\druid\1.1.6\druid-1.1.6.jar;D:\maven\mavenRepository\.m2\org\mybatis\generator\mybatis-generator-core\1.4.0\mybatis-generator-core-1.4.0.jar;D:\maven\mavenRepository\.m2\org\springframework\boot\spring-boot-starter-validation\2.4.3\spring-boot-starter-validation-2.4.3.jar;D:\maven\mavenRepository\.m2\org\glassfish\jakarta.el\3.0.3\jakarta.el-3.0.3.jar;D:\maven\mavenRepository\.m2\org\hibernate\validator\hibernate-validator\6.1.7.Final\hibernate-validator-6.1.7.Final.jar;D:\maven\mavenRepository\.m2\jakarta\validation\jakarta.validation-api\2.0.2\jakarta.validation-api-2.0.2.jar;D:\maven\mavenRepository\.m2\org\springframework\boot\spring-boot-starter-data-redis\2.4.3\spring-boot-starter-data-redis-2.4.3.jar;D:\maven\mavenRepository\.m2\org\springframework\data\spring-data-redis\2.4.5\spring-data-redis-2.4.5.jar;D:\maven\mavenRepository\.m2\org\springframework\data\spring-data-keyvalue\2.4.5\spring-data-keyvalue-2.4.5.jar;D:\maven\mavenRepository\.m2\org\springframework\spring-oxm\5.3.4\spring-oxm-5.3.4.jar;D:\maven\mavenRepository\.m2\org\springframework\spring-context-support\5.3.4\spring-context-support-5.3.4.jar;D:\maven\mavenRepository\.m2\io\lettuce\lettuce-core\6.0.2.RELEASE\lettuce-core-6.0.2.RELEASE.jar;D:\maven\mavenRepository\.m2\io\netty\netty-common\4.1.59.Final\netty-common-4.1.59.Final.jar;D:\maven\mavenRepository\.m2\io\netty\netty-handler\4.1.59.Final\netty-handler-4.1.59.Final.jar;D:\maven\mavenRepository\.m2\io\netty\netty-resolver\4.1.59.Final\netty-resolver-4.1.59.Final.jar;D:\maven\mavenRepository\.m2\io\netty\netty-buffer\4.1.59.Final\netty-buffer-4.1.59.Final.jar;D:\maven\mavenRepository\.m2\io\netty\netty-codec\4.1.59.Final\netty-codec-4.1.59.Final.jar;D:\maven\mavenRepository\.m2\io\netty\netty-transport\4.1.59.Final\netty-transport-4.1.59.Final.jar;D:\maven\mavenRepository\.m2\io\projectreactor\reactor-core\3.4.3\reactor-core-3.4.3.jar;D:\maven\mavenRepository\.m2\org\reactivestreams\reactive-streams\1.0.3\reactive-streams-1.0.3.jar;D:\maven\mavenRepository\.m2\com\alibaba\fastjson\1.2.75\fastjson-1.2.75.jar;"/>
    <property name="java.vm.vendor" value="Oracle Corporation"/>
    <property name="sun.arch.data.model" value="64"/>
    <property name="user.variant" value=""/>
    <property name="java.vendor.url" value="http://java.oracle.com/"/>
    <property name="user.timezone" value="Asia/Shanghai"/>
    <property name="java.vm.specification.version" value="1.8"/>
    <property name="os.name" value="Windows 10"/>
    <property name="user.country" value="CN"/>
    <property name="sun.java.launcher" value="SUN_STANDARD"/>
    <property name="sun.boot.library.path" value="D:\Java\jdk1.8.0_162\jre\bin"/>
    <property name="sun.java.command" value="C:\Users\ADMINI~1\AppData\Local\Temp\surefire7786614968623191656\surefirebooter8346997908509556632.jar C:\Users\Administrator\AppData\Local\Temp\surefire7786614968623191656 2021-03-24T15-25-40_017-jvmRun1 surefire1992799204504610426tmp surefire_08387795073128005571tmp"/>
    <property name="surefire.test.class.path" value="D:\diary系统\dairy\frame\target\test-classes;D:\diary系统\dairy\frame\target\classes;D:\maven\mavenRepository\.m2\org\springframework\boot\spring-boot-starter-web\2.4.3\spring-boot-starter-web-2.4.3.jar;D:\maven\mavenRepository\.m2\org\springframework\boot\spring-boot-starter\2.4.3\spring-boot-starter-2.4.3.jar;D:\maven\mavenRepository\.m2\org\springframework\boot\spring-boot\2.4.3\spring-boot-2.4.3.jar;D:\maven\mavenRepository\.m2\org\springframework\boot\spring-boot-autoconfigure\2.4.3\spring-boot-autoconfigure-2.4.3.jar;D:\maven\mavenRepository\.m2\org\springframework\boot\spring-boot-starter-logging\2.4.3\spring-boot-starter-logging-2.4.3.jar;D:\maven\mavenRepository\.m2\ch\qos\logback\logback-classic\1.2.3\logback-classic-1.2.3.jar;D:\maven\mavenRepository\.m2\ch\qos\logback\logback-core\1.2.3\logback-core-1.2.3.jar;D:\maven\mavenRepository\.m2\org\apache\logging\log4j\log4j-to-slf4j\2.13.3\log4j-to-slf4j-2.13.3.jar;D:\maven\mavenRepository\.m2\org\apache\logging\log4j\log4j-api\2.13.3\log4j-api-2.13.3.jar;D:\maven\mavenRepository\.m2\org\slf4j\jul-to-slf4j\1.7.30\jul-to-slf4j-1.7.30.jar;D:\maven\mavenRepository\.m2\jakarta\annotation\jakarta.annotation-api\1.3.5\jakarta.annotation-api-1.3.5.jar;D:\maven\mavenRepository\.m2\org\yaml\snakeyaml\1.27\snakeyaml-1.27.jar;D:\maven\mavenRepository\.m2\org\springframework\boot\spring-boot-starter-json\2.4.3\spring-boot-starter-json-2.4.3.jar;D:\maven\mavenRepository\.m2\com\fasterxml\jackson\core\jackson-databind\2.11.4\jackson-databind-2.11.4.jar;D:\maven\mavenRepository\.m2\com\fasterxml\jackson\core\jackson-annotations\2.11.4\jackson-annotations-2.11.4.jar;D:\maven\mavenRepository\.m2\com\fasterxml\jackson\core\jackson-core\2.11.4\jackson-core-2.11.4.jar;D:\maven\mavenRepository\.m2\com\fasterxml\jackson\datatype\jackson-datatype-jdk8\2.11.4\jackson-datatype-jdk8-2.11.4.jar;D:\maven\mavenRepository\.m2\com\fasterxml\jackson\datatype\jackson-datatype-jsr310\2.11.4\jackson-datatype-jsr310-2.11.4.jar;D:\maven\mavenRepository\.m2\com\fasterxml\jackson\module\jackson-module-parameter-names\2.11.4\jackson-module-parameter-names-2.11.4.jar;D:\maven\mavenRepository\.m2\org\springframework\boot\spring-boot-starter-tomcat\2.4.3\spring-boot-starter-tomcat-2.4.3.jar;D:\maven\mavenRepository\.m2\org\apache\tomcat\embed\tomcat-embed-core\9.0.43\tomcat-embed-core-9.0.43.jar;D:\maven\mavenRepository\.m2\org\apache\tomcat\embed\tomcat-embed-websocket\9.0.43\tomcat-embed-websocket-9.0.43.jar;D:\maven\mavenRepository\.m2\org\springframework\spring-web\5.3.4\spring-web-5.3.4.jar;D:\maven\mavenRepository\.m2\org\springframework\spring-beans\5.3.4\spring-beans-5.3.4.jar;D:\maven\mavenRepository\.m2\org\springframework\spring-webmvc\5.3.4\spring-webmvc-5.3.4.jar;D:\maven\mavenRepository\.m2\org\springframework\spring-aop\5.3.4\spring-aop-5.3.4.jar;D:\maven\mavenRepository\.m2\org\springframework\spring-context\5.3.4\spring-context-5.3.4.jar;D:\maven\mavenRepository\.m2\org\springframework\spring-expression\5.3.4\spring-expression-5.3.4.jar;D:\maven\mavenRepository\.m2\org\springframework\boot\spring-boot-starter-test\2.4.3\spring-boot-starter-test-2.4.3.jar;D:\maven\mavenRepository\.m2\org\springframework\boot\spring-boot-test\2.4.3\spring-boot-test-2.4.3.jar;D:\maven\mavenRepository\.m2\org\springframework\boot\spring-boot-test-autoconfigure\2.4.3\spring-boot-test-autoconfigure-2.4.3.jar;D:\maven\mavenRepository\.m2\com\jayway\jsonpath\json-path\2.4.0\json-path-2.4.0.jar;D:\maven\mavenRepository\.m2\net\minidev\json-smart\2.3\json-smart-2.3.jar;D:\maven\mavenRepository\.m2\net\minidev\accessors-smart\1.2\accessors-smart-1.2.jar;D:\maven\mavenRepository\.m2\org\ow2\asm\asm\5.0.4\asm-5.0.4.jar;D:\maven\mavenRepository\.m2\org\slf4j\slf4j-api\1.7.30\slf4j-api-1.7.30.jar;D:\maven\mavenRepository\.m2\jakarta\xml\bind\jakarta.xml.bind-api\2.3.3\jakarta.xml.bind-api-2.3.3.jar;D:\maven\mavenRepository\.m2\jakarta\activation\jakarta.activation-api\1.2.2\jakarta.activation-api-1.2.2.jar;D:\maven\mavenRepository\.m2\org\assertj\assertj-core\3.18.1\assertj-core-3.18.1.jar;D:\maven\mavenRepository\.m2\org\hamcrest\hamcrest\2.2\hamcrest-2.2.jar;D:\maven\mavenRepository\.m2\org\junit\jupiter\junit-jupiter\5.7.1\junit-jupiter-5.7.1.jar;D:\maven\mavenRepository\.m2\org\junit\jupiter\junit-jupiter-api\5.7.1\junit-jupiter-api-5.7.1.jar;D:\maven\mavenRepository\.m2\org\apiguardian\apiguardian-api\1.1.0\apiguardian-api-1.1.0.jar;D:\maven\mavenRepository\.m2\org\opentest4j\opentest4j\1.2.0\opentest4j-1.2.0.jar;D:\maven\mavenRepository\.m2\org\junit\platform\junit-platform-commons\1.7.1\junit-platform-commons-1.7.1.jar;D:\maven\mavenRepository\.m2\org\junit\jupiter\junit-jupiter-params\5.7.1\junit-jupiter-params-5.7.1.jar;D:\maven\mavenRepository\.m2\org\junit\jupiter\junit-jupiter-engine\5.7.1\junit-jupiter-engine-5.7.1.jar;D:\maven\mavenRepository\.m2\org\junit\platform\junit-platform-engine\1.7.1\junit-platform-engine-1.7.1.jar;D:\maven\mavenRepository\.m2\org\mockito\mockito-core\3.6.28\mockito-core-3.6.28.jar;D:\maven\mavenRepository\.m2\net\bytebuddy\byte-buddy\1.10.20\byte-buddy-1.10.20.jar;D:\maven\mavenRepository\.m2\net\bytebuddy\byte-buddy-agent\1.10.20\byte-buddy-agent-1.10.20.jar;D:\maven\mavenRepository\.m2\org\objenesis\objenesis\3.1\objenesis-3.1.jar;D:\maven\mavenRepository\.m2\org\mockito\mockito-junit-jupiter\3.6.28\mockito-junit-jupiter-3.6.28.jar;D:\maven\mavenRepository\.m2\org\skyscreamer\jsonassert\1.5.0\jsonassert-1.5.0.jar;D:\maven\mavenRepository\.m2\com\vaadin\external\google\android-json\0.0.20131108.vaadin1\android-json-0.0.20131108.vaadin1.jar;D:\maven\mavenRepository\.m2\org\springframework\spring-core\5.3.4\spring-core-5.3.4.jar;D:\maven\mavenRepository\.m2\org\springframework\spring-jcl\5.3.4\spring-jcl-5.3.4.jar;D:\maven\mavenRepository\.m2\org\springframework\spring-test\5.3.4\spring-test-5.3.4.jar;D:\maven\mavenRepository\.m2\org\xmlunit\xmlunit-core\2.7.0\xmlunit-core-2.7.0.jar;D:\maven\mavenRepository\.m2\org\apache\shiro\shiro-spring\1.6.0\shiro-spring-1.6.0.jar;D:\maven\mavenRepository\.m2\org\apache\shiro\shiro-core\1.6.0\shiro-core-1.6.0.jar;D:\maven\mavenRepository\.m2\org\apache\shiro\shiro-lang\1.6.0\shiro-lang-1.6.0.jar;D:\maven\mavenRepository\.m2\org\apache\shiro\shiro-cache\1.6.0\shiro-cache-1.6.0.jar;D:\maven\mavenRepository\.m2\org\apache\shiro\shiro-crypto-hash\1.6.0\shiro-crypto-hash-1.6.0.jar;D:\maven\mavenRepository\.m2\org\apache\shiro\shiro-crypto-core\1.6.0\shiro-crypto-core-1.6.0.jar;D:\maven\mavenRepository\.m2\org\apache\shiro\shiro-crypto-cipher\1.6.0\shiro-crypto-cipher-1.6.0.jar;D:\maven\mavenRepository\.m2\org\apache\shiro\shiro-config-core\1.6.0\shiro-config-core-1.6.0.jar;D:\maven\mavenRepository\.m2\org\apache\shiro\shiro-config-ogdl\1.6.0\shiro-config-ogdl-1.6.0.jar;D:\maven\mavenRepository\.m2\commons-beanutils\commons-beanutils\1.9.4\commons-beanutils-1.9.4.jar;D:\maven\mavenRepository\.m2\commons-collections\commons-collections\3.2.2\commons-collections-3.2.2.jar;D:\maven\mavenRepository\.m2\org\apache\shiro\shiro-event\1.6.0\shiro-event-1.6.0.jar;D:\maven\mavenRepository\.m2\org\apache\shiro\shiro-web\1.6.0\shiro-web-1.6.0.jar;D:\maven\mavenRepository\.m2\org\owasp\encoder\encoder\1.2.2\encoder-1.2.2.jar;D:\maven\mavenRepository\.m2\org\mybatis\spring\boot\mybatis-spring-boot-starter\2.0.1\mybatis-spring-boot-starter-2.0.1.jar;D:\maven\mavenRepository\.m2\org\mybatis\spring\boot\mybatis-spring-boot-autoconfigure\2.0.1\mybatis-spring-boot-autoconfigure-2.0.1.jar;D:\maven\mavenRepository\.m2\org\mybatis\mybatis\3.5.1\mybatis-3.5.1.jar;D:\maven\mavenRepository\.m2\org\mybatis\mybatis-spring\2.0.1\mybatis-spring-2.0.1.jar;D:\maven\mavenRepository\.m2\mysql\mysql-connector-java\8.0.23\mysql-connector-java-8.0.23.jar;D:\maven\mavenRepository\.m2\org\springframework\boot\spring-boot-starter-jdbc\2.4.3\spring-boot-starter-jdbc-2.4.3.jar;D:\maven\mavenRepository\.m2\com\zaxxer\HikariCP\3.4.5\HikariCP-3.4.5.jar;D:\maven\mavenRepository\.m2\org\springframework\spring-jdbc\5.3.4\spring-jdbc-5.3.4.jar;D:\maven\mavenRepository\.m2\org\springframework\spring-tx\5.3.4\spring-tx-5.3.4.jar;D:\maven\mavenRepository\.m2\org\springframework\boot\spring-boot-starter-data-jpa\2.4.3\spring-boot-starter-data-jpa-2.4.3.jar;D:\maven\mavenRepository\.m2\org\springframework\boot\spring-boot-starter-aop\2.4.3\spring-boot-starter-aop-2.4.3.jar;D:\maven\mavenRepository\.m2\org\aspectj\aspectjweaver\1.9.6\aspectjweaver-1.9.6.jar;D:\maven\mavenRepository\.m2\jakarta\transaction\jakarta.transaction-api\1.3.3\jakarta.transaction-api-1.3.3.jar;D:\maven\mavenRepository\.m2\jakarta\persistence\jakarta.persistence-api\2.2.3\jakarta.persistence-api-2.2.3.jar;D:\maven\mavenRepository\.m2\org\hibernate\hibernate-core\5.4.28.Final\hibernate-core-5.4.28.Final.jar;D:\maven\mavenRepository\.m2\org\jboss\logging\jboss-logging\3.4.1.Final\jboss-logging-3.4.1.Final.jar;D:\maven\mavenRepository\.m2\org\javassist\javassist\3.27.0-GA\javassist-3.27.0-GA.jar;D:\maven\mavenRepository\.m2\antlr\antlr\2.7.7\antlr-2.7.7.jar;D:\maven\mavenRepository\.m2\org\jboss\jandex\2.2.3.Final\jandex-2.2.3.Final.jar;D:\maven\mavenRepository\.m2\com\fasterxml\classmate\1.5.1\classmate-1.5.1.jar;D:\maven\mavenRepository\.m2\org\dom4j\dom4j\2.1.3\dom4j-2.1.3.jar;D:\maven\mavenRepository\.m2\org\hibernate\common\hibernate-commons-annotations\5.1.2.Final\hibernate-commons-annotations-5.1.2.Final.jar;D:\maven\mavenRepository\.m2\org\glassfish\jaxb\jaxb-runtime\2.3.3\jaxb-runtime-2.3.3.jar;D:\maven\mavenRepository\.m2\org\glassfish\jaxb\txw2\2.3.3\txw2-2.3.3.jar;D:\maven\mavenRepository\.m2\com\sun\istack\istack-commons-runtime\3.0.11\istack-commons-runtime-3.0.11.jar;D:\maven\mavenRepository\.m2\com\sun\activation\jakarta.activation\1.2.2\jakarta.activation-1.2.2.jar;D:\maven\mavenRepository\.m2\org\springframework\data\spring-data-jpa\2.4.5\spring-data-jpa-2.4.5.jar;D:\maven\mavenRepository\.m2\org\springframework\data\spring-data-commons\2.4.5\spring-data-commons-2.4.5.jar;D:\maven\mavenRepository\.m2\org\springframework\spring-orm\5.3.4\spring-orm-5.3.4.jar;D:\maven\mavenRepository\.m2\org\springframework\spring-aspects\5.3.4\spring-aspects-5.3.4.jar;D:\maven\mavenRepository\.m2\com\alibaba\druid\1.1.6\druid-1.1.6.jar;D:\maven\mavenRepository\.m2\org\mybatis\generator\mybatis-generator-core\1.4.0\mybatis-generator-core-1.4.0.jar;D:\maven\mavenRepository\.m2\org\springframework\boot\spring-boot-starter-validation\2.4.3\spring-boot-starter-validation-2.4.3.jar;D:\maven\mavenRepository\.m2\org\glassfish\jakarta.el\3.0.3\jakarta.el-3.0.3.jar;D:\maven\mavenRepository\.m2\org\hibernate\validator\hibernate-validator\6.1.7.Final\hibernate-validator-6.1.7.Final.jar;D:\maven\mavenRepository\.m2\jakarta\validation\jakarta.validation-api\2.0.2\jakarta.validation-api-2.0.2.jar;D:\maven\mavenRepository\.m2\org\springframework\boot\spring-boot-starter-data-redis\2.4.3\spring-boot-starter-data-redis-2.4.3.jar;D:\maven\mavenRepository\.m2\org\springframework\data\spring-data-redis\2.4.5\spring-data-redis-2.4.5.jar;D:\maven\mavenRepository\.m2\org\springframework\data\spring-data-keyvalue\2.4.5\spring-data-keyvalue-2.4.5.jar;D:\maven\mavenRepository\.m2\org\springframework\spring-oxm\5.3.4\spring-oxm-5.3.4.jar;D:\maven\mavenRepository\.m2\org\springframework\spring-context-support\5.3.4\spring-context-support-5.3.4.jar;D:\maven\mavenRepository\.m2\io\lettuce\lettuce-core\6.0.2.RELEASE\lettuce-core-6.0.2.RELEASE.jar;D:\maven\mavenRepository\.m2\io\netty\netty-common\4.1.59.Final\netty-common-4.1.59.Final.jar;D:\maven\mavenRepository\.m2\io\netty\netty-handler\4.1.59.Final\netty-handler-4.1.59.Final.jar;D:\maven\mavenRepository\.m2\io\netty\netty-resolver\4.1.59.Final\netty-resolver-4.1.59.Final.jar;D:\maven\mavenRepository\.m2\io\netty\netty-buffer\4.1.59.Final\netty-buffer-4.1.59.Final.jar;D:\maven\mavenRepository\.m2\io\netty\netty-codec\4.1.59.Final\netty-codec-4.1.59.Final.jar;D:\maven\mavenRepository\.m2\io\netty\netty-transport\4.1.59.Final\netty-transport-4.1.59.Final.jar;D:\maven\mavenRepository\.m2\io\projectreactor\reactor-core\3.4.3\reactor-core-3.4.3.jar;D:\maven\mavenRepository\.m2\org\reactivestreams\reactive-streams\1.0.3\reactive-streams-1.0.3.jar;D:\maven\mavenRepository\.m2\com\alibaba\fastjson\1.2.75\fastjson-1.2.75.jar;"/>
    <property name="sun.cpu.endian" value="little"/>
    <property name="user.home" value="C:\Users\Administrator"/>
    <property name="user.language" value="zh"/>
    <property name="java.specification.vendor" value="Oracle Corporation"/>
    <property name="java.home" value="D:\Java\jdk1.8.0_162\jre"/>
    <property name="basedir" value="D:\diary系统\dairy\frame"/>
    <property name="file.separator" value="\"/>
    <property name="line.separator" value="&#10;"/>
    <property name="java.vm.specification.vendor" value="Oracle Corporation"/>
    <property name="java.specification.name" value="Java Platform API Specification"/>
    <property name="java.awt.graphicsenv" value="sun.awt.Win32GraphicsEnvironment"/>
    <property name="surefire.real.class.path" value="C:\Users\ADMINI~1\AppData\Local\Temp\surefire7786614968623191656\surefirebooter8346997908509556632.jar"/>
    <property name="sun.boot.class.path" value="D:\Java\jdk1.8.0_162\jre\lib\resources.jar;D:\Java\jdk1.8.0_162\jre\lib\rt.jar;D:\Java\jdk1.8.0_162\jre\lib\sunrsasign.jar;D:\Java\jdk1.8.0_162\jre\lib\jsse.jar;D:\Java\jdk1.8.0_162\jre\lib\jce.jar;D:\Java\jdk1.8.0_162\jre\lib\charsets.jar;D:\Java\jdk1.8.0_162\jre\lib\jfr.jar;D:\Java\jdk1.8.0_162\jre\classes"/>
    <property name="user.script" value=""/>
    <property name="sun.management.compiler" value="HotSpot 64-Bit Tiered Compilers"/>
    <property name="java.runtime.version" value="1.8.0_162-b12"/>
    <property name="user.name" value="Administrator"/>
    <property name="path.separator" value=";"/>
    <property name="os.version" value="10.0"/>
    <property name="java.endorsed.dirs" value="D:\Java\jdk1.8.0_162\jre\lib\endorsed"/>
    <property name="java.runtime.name" value="Java(TM) SE Runtime Environment"/>
    <property name="file.encoding" value="GBK"/>
    <property name="java.vm.name" value="Java HotSpot(TM) 64-Bit Server VM"/>
    <property name="localRepository" value="D:\maven\mavenRepository\.m2"/>
    <property name="java.vendor.url.bug" value="http://bugreport.sun.com/bugreport/"/>
    <property name="java.io.tmpdir" value="C:\Users\ADMINI~1\AppData\Local\Temp\"/>
    <property name="java.version" value="1.8.0_162"/>
    <property name="user.dir" value="D:\diary系统\dairy\frame"/>
    <property name="os.arch" value="amd64"/>
    <property name="java.vm.specification.name" value="Java Virtual Machine Specification"/>
    <property name="java.awt.printerjob" value="sun.awt.windows.WPrinterJob"/>
    <property name="sun.os.patch.level" value=""/>
    <property name="java.library.path" value="D:\Java\jdk1.8.0_162\jre\bin;C:\Windows\Sun\Java\bin;C:\Windows\system32;C:\Windows;D:\IntelliJ IDEA 2019.1.4\jre64\\bin;D:\IntelliJ IDEA 2019.1.4\jre64\\bin\server;D:\IntelliJ IDEA 2019.1.4\jre64\\bin;D:\IntelliJ IDEA 2019.1.4\jre64\\bin\server;D:\IntelliJ IDEA 2019.1.4\jre64\\bin;D:\IntelliJ IDEA 2019.1.4\jre64\\bin\server;D:\IntelliJ IDEA 2019.1.4\jre64\\bin;D:\IntelliJ IDEA 2019.1.4\jre64\\bin\server;C:\Users\Administrator\Scripts\;C:\Users\Administrator\;D:\python\Scripts\;D:\python\;C:\oracel\instantclient_19_3;D:\app\Administrator\product\11.2.0\client_1;D:\app\Administrator\product\11.2.0\dbhome_1\bin;C:\Windows\system32;C:\Windows;C:\Windows\System32\Wbem;C:\Windows\System32\WindowsPowerShell\v1.0\;C:\Windows\System32\OpenSSH\;C:\Program Files\TortoiseSVN\bin;D:\Java\jdk1.8.0_162\bin;D:\Java\jdk1.8.0_162\jre\bin;D:\node.js;C:\Go\bin;D:\wechatfile\WeChat Files\Pe1PfZzz\FileStorage\File\2019-10\mingw\bin;C:\Program Files\Git\cmd;C:\Program Files\Git\bin;D:\apache-maven-3.6.1\bin;C:\Go\pkg\tool\windows_amd64\mingw\bin;D:\mysql-8.0.22-winx64\mysql-8.0.22-winx64\bin;D:\sqlite;D:\python;D:\python\Scripts;C:\Users\Administrator\AppData\Local\Microsoft\WindowsApps;C:\Users\Administrator\AppData\Roaming\npm;%GoLand%;C:\Users\Administrator\go\bin;C:\Users\Administrator\AppData\Local\BypassRuntm;C:\Go\pkg\tool\windows_amd64\mingw\bin;;."/>
    <property name="idea.version2019.1.4" value="true"/>
    <property name="java.vm.info" value="mixed mode"/>
    <property name="java.vendor" value="Oracle Corporation"/>
    <property name="java.vm.version" value="25.162-b12"/>
    <property name="java.ext.dirs" value="D:\Java\jdk1.8.0_162\jre\lib\ext;C:\Windows\Sun\Java\lib\ext"/>
    <property name="sun.io.unicode.encoding" value="UnicodeLittle"/>
    <property name="java.class.version" value="52.0"/>
  </properties>
  <testcase name="contextLoads" classname="com.ppf.frame.FrameApplicationTests" time="0.056"/>
</testsuite>